<?xml version="1.0" encoding="UTF-8"?>
<!-- Generated by org.testng.reporters.JUnitReportReporter -->
<testsuite hostname="LAPTOP-JL84H6HT" failures="0" tests="1" name="cucumber_project.Test_Runner_Testng" time="0.328" errors="0" timestamp="2022-10-19T23:05:25 IST" skipped="0">
  <testcase classname="cucumber_project.Test_Runner_Testng" name="runScenario" time="0.328"/>
  <system-out/>
</testsuite> <!-- cucumber_project.Test_Runner_Testng -->
